C:\USERS\EMEKA\DOCUMENTS\VISUAL STUDIO 2010\PROJECTS\LOTTERY\DEBUG\LOTTERY.EXE
C:\USERS\EMEKA\DOCUMENTS\VISUAL STUDIO 2010\PROJECTS\LOTTERY\DEBUG\LOTTERY.ILK
C:\USERS\EMEKA\DOCUMENTS\VISUAL STUDIO 2010\PROJECTS\LOTTERY\DEBUG\LOTTERY.PDB
c:\Users\Emeka\documents\visual studio 2010\Projects\Lottery\Lottery\Debug\cl.command.1.tlog
c:\Users\Emeka\documents\visual studio 2010\Projects\Lottery\Lottery\Debug\CL.read.1.tlog
c:\Users\Emeka\documents\visual studio 2010\Projects\Lottery\Lottery\Debug\CL.write.1.tlog
c:\Users\Emeka\documents\visual studio 2010\Projects\Lottery\Lottery\Debug\link.220452.read.1.tlog
c:\Users\Emeka\documents\visual studio 2010\Projects\Lottery\Lottery\Debug\link.220452.write.1.tlog
c:\Users\Emeka\documents\visual studio 2010\Projects\Lottery\Lottery\Debug\link.220452-cvtres.read.1.tlog
c:\Users\Emeka\documents\visual studio 2010\Projects\Lottery\Lottery\Debug\link.220452-cvtres.write.1.tlog
c:\Users\Emeka\documents\visual studio 2010\Projects\Lottery\Lottery\Debug\link.command.1.tlog
c:\Users\Emeka\documents\visual studio 2010\Projects\Lottery\Lottery\Debug\link.read.1.tlog
c:\Users\Emeka\documents\visual studio 2010\Projects\Lottery\Lottery\Debug\link.write.1.tlog
c:\Users\Emeka\documents\visual studio 2010\Projects\Lottery\Lottery\Debug\link-cvtres.read.1.tlog
c:\Users\Emeka\documents\visual studio 2010\Projects\Lottery\Lottery\Debug\link-cvtres.write.1.tlog
C:\USERS\EMEKA\DOCUMENTS\VISUAL STUDIO 2010\PROJECTS\LOTTERY\LOTTERY\DEBUG\LOTTERY.EXE.EMBED.MANIFEST
C:\USERS\EMEKA\DOCUMENTS\VISUAL STUDIO 2010\PROJECTS\LOTTERY\LOTTERY\DEBUG\LOTTERY.EXE.EMBED.MANIFEST.RES
C:\USERS\EMEKA\DOCUMENTS\VISUAL STUDIO 2010\PROJECTS\LOTTERY\LOTTERY\DEBUG\LOTTERY.EXE.INTERMEDIATE.MANIFEST
C:\USERS\EMEKA\DOCUMENTS\VISUAL STUDIO 2010\PROJECTS\LOTTERY\LOTTERY\DEBUG\LOTTERY.OBJ
c:\Users\Emeka\documents\visual studio 2010\Projects\Lottery\Lottery\Debug\Lottery.write.1.tlog
c:\Users\Emeka\documents\visual studio 2010\Projects\Lottery\Lottery\Debug\Lottery_manifest.rc
c:\Users\Emeka\documents\visual studio 2010\Projects\Lottery\Lottery\Debug\mt.command.1.tlog
c:\Users\Emeka\documents\visual studio 2010\Projects\Lottery\Lottery\Debug\mt.read.1.tlog
c:\Users\Emeka\documents\visual studio 2010\Projects\Lottery\Lottery\Debug\mt.write.1.tlog
c:\Users\Emeka\documents\visual studio 2010\Projects\Lottery\Lottery\Debug\rc.command.1.tlog
c:\Users\Emeka\documents\visual studio 2010\Projects\Lottery\Lottery\Debug\rc.read.1.tlog
c:\Users\Emeka\documents\visual studio 2010\Projects\Lottery\Lottery\Debug\rc.write.1.tlog
c:\Users\Emeka\documents\visual studio 2010\Projects\Lottery\Lottery\Debug\vc100.idb
C:\USERS\EMEKA\DOCUMENTS\VISUAL STUDIO 2010\PROJECTS\LOTTERY\LOTTERY\DEBUG\VC100.PDB
