Build started 11/20/2019 8:49:23 PM.
     1>Project "c:\Users\Emeka\documents\visual studio 2010\Projects\Lottery\Lottery\Lottery.vcxproj" on node 2 (rebuild target(s)).
     1>_PrepareForClean:
         Deleting file "Debug\Lottery.lastbuildstate".
       InitializeBuildStatus:
         Creating "Debug\Lottery.unsuccessfulbuild" because "AlwaysCreate" was specified.
       ClCompile:
         C:\Program Files (x86)\Microsoft Visual Studio 10.0\VC\bin\CL.exe /c /ZI /nologo /W3 /WX- /Od /Oy- /D WIN32 /D _DEBUG /D _CONSOLE /D _UNICODE /D UNICODE /Gm /EHsc /RTC1 /MDd /GS /fp:precise /Zc:wchar_t /Zc:forScope /Fo"Debug\\" /Fd"Debug\vc100.pdb" /Gd /TP /analyze- /errorReport:prompt Lottery.cpp
         Lottery.cpp
     1>c:\users\emeka\documents\visual studio 2010\projects\lottery\lottery\lottery.cpp(35): warning C4244: 'argument' : conversion from 'time_t' to 'unsigned int', possible loss of data
       ManifestResourceCompile:
         C:\Program Files (x86)\Microsoft SDKs\Windows\v7.0A\bin\rc.exe /nologo /fo"Debug\Lottery.exe.embed.manifest.res" Debug\Lottery_manifest.rc 
       Link:
         C:\Program Files (x86)\Microsoft Visual Studio 10.0\VC\bin\link.exe /ERRORREPORT:PROMPT /OUT:"c:\users\emeka\documents\visual studio 2010\Projects\Lottery\Debug\Lottery.exe" /INCREMENTAL /NOLOGO kernel32.lib user32.lib gdi32.lib winspool.lib comdlg32.lib advapi32.lib shell32.lib ole32.lib oleaut32.lib uuid.lib odbc32.lib odbccp32.lib /MANIFEST /ManifestFile:"Debug\Lottery.exe.intermediate.manifest" /MANIFESTUAC:"level='asInvoker' uiAccess='false'" /DEBUG /PDB:"c:\users\emeka\documents\visual studio 2010\Projects\Lottery\Debug\Lottery.pdb" /SUBSYSTEM:CONSOLE /TLBID:1 /DYNAMICBASE /NXCOMPAT /IMPLIB:"c:\users\emeka\documents\visual studio 2010\Projects\Lottery\Debug\Lottery.lib" /MACHINE:X86 Debug\Lottery.exe.embed.manifest.res
         Debug\Lottery.obj
       Manifest:
         Deleting file "Debug\Lottery.exe.embed.manifest".
         C:\Program Files (x86)\Microsoft SDKs\Windows\v7.0A\bin\mt.exe /nologo /verbose /out:"Debug\Lottery.exe.embed.manifest" /manifest Debug\Lottery.exe.intermediate.manifest
         C:\Program Files (x86)\Microsoft SDKs\Windows\v7.0A\bin\rc.exe /nologo /fo"Debug\Lottery.exe.embed.manifest.res" Debug\Lottery_manifest.rc 
       LinkEmbedManifest:
         C:\Program Files (x86)\Microsoft Visual Studio 10.0\VC\bin\link.exe /ERRORREPORT:PROMPT /OUT:"c:\users\emeka\documents\visual studio 2010\Projects\Lottery\Debug\Lottery.exe" /INCREMENTAL /NOLOGO kernel32.lib user32.lib gdi32.lib winspool.lib comdlg32.lib advapi32.lib shell32.lib ole32.lib oleaut32.lib uuid.lib odbc32.lib odbccp32.lib /MANIFEST /ManifestFile:"Debug\Lottery.exe.intermediate.manifest" /MANIFESTUAC:"level='asInvoker' uiAccess='false'" /DEBUG /PDB:"c:\users\emeka\documents\visual studio 2010\Projects\Lottery\Debug\Lottery.pdb" /SUBSYSTEM:CONSOLE /TLBID:1 /DYNAMICBASE /NXCOMPAT /IMPLIB:"c:\users\emeka\documents\visual studio 2010\Projects\Lottery\Debug\Lottery.lib" /MACHINE:X86 Debug\Lottery.exe.embed.manifest.res
         Debug\Lottery.obj
         Lottery.vcxproj -> c:\users\emeka\documents\visual studio 2010\Projects\Lottery\Debug\Lottery.exe
       FinalizeBuildStatus:
         Deleting file "Debug\Lottery.unsuccessfulbuild".
         Touching "Debug\Lottery.lastbuildstate".
     1>Done Building Project "c:\Users\Emeka\documents\visual studio 2010\Projects\Lottery\Lottery\Lottery.vcxproj" (rebuild target(s)).

Build succeeded.

Time Elapsed 00:00:01.23
